[1013/153938.504:ERROR:filesystem_win.cc(129)] GetFileAttributes C:\Users\DELL\AppData\Local\Google\Chrome\User Data\Crashpad\attachments\0fad8e59-7a7d-4c18-96f5-52bdb03be2b8: The system cannot find the path specified. (0x3)
[1013/153938.512:ERROR:filesystem_win.cc(129)] GetFileAttributes C:\Users\DELL\AppData\Local\Google\Chrome\User Data\Crashpad\attachments\1b3782ac-8a90-495d-996f-d78fcae9be4a: The system cannot find the path specified. (0x3)
[1013/153938.515:ERROR:filesystem_win.cc(129)] GetFileAttributes C:\Users\DELL\AppData\Local\Google\Chrome\User Data\Crashpad\attachments\1b91f9e2-8841-4a27-bb28-a280baf8c1b2: The system cannot find the path specified. (0x3)
[1013/153938.516:ERROR:filesystem_win.cc(129)] GetFileAttributes C:\Users\DELL\AppData\Local\Google\Chrome\User Data\Crashpad\attachments\22d1089b-188b-483f-bf57-35f0511c140a: The system cannot find the path specified. (0x3)
[1013/153938.518:ERROR:filesystem_win.cc(129)] GetFileAttributes C:\Users\DELL\AppData\Local\Google\Chrome\User Data\Crashpad\attachments\2ebfccac-3739-4ab2-8b42-55ed3585fa50: The system cannot find the path specified. (0x3)
[1013/153938.519:ERROR:filesystem_win.cc(129)] GetFileAttributes C:\Users\DELL\AppData\Local\Google\Chrome\User Data\Crashpad\attachments\3414ccb5-da65-45d7-8054-9eafe42e8c86: The system cannot find the path specified. (0x3)
[1013/153938.520:ERROR:filesystem_win.cc(129)] GetFileAttributes C:\Users\DELL\AppData\Local\Google\Chrome\User Data\Crashpad\attachments\3646f23b-399f-4485-a04b-4b0a2b366ef3: The system cannot find the path specified. (0x3)
[1013/153938.521:ERROR:filesystem_win.cc(129)] GetFileAttributes C:\Users\DELL\AppData\Local\Google\Chrome\User Data\Crashpad\attachments\3fc6ffd3-e512-4738-9681-fac2d3ab823e: The system cannot find the path specified. (0x3)
[1013/153938.522:ERROR:filesystem_win.cc(129)] GetFileAttributes C:\Users\DELL\AppData\Local\Google\Chrome\User Data\Crashpad\attachments\42d011d2-a693-4be2-8adf-2ad237a7bbc6: The system cannot find the path specified. (0x3)
[1013/153938.523:ERROR:filesystem_win.cc(129)] GetFileAttributes C:\Users\DELL\AppData\Local\Google\Chrome\User Data\Crashpad\attachments\43f62bfa-809f-4da2-9160-42635337e43b: The system cannot find the path specified. (0x3)
[1013/153938.524:ERROR:filesystem_win.cc(129)] GetFileAttributes C:\Users\DELL\AppData\Local\Google\Chrome\User Data\Crashpad\attachments\44c1c5c2-7f76-49e4-a14f-7c2f0ad154d4: The system cannot find the path specified. (0x3)
[1013/153938.524:ERROR:filesystem_win.cc(129)] GetFileAttributes C:\Users\DELL\AppData\Local\Google\Chrome\User Data\Crashpad\attachments\5ae4ba1a-406c-4ba5-bc14-c1e09e734f69: The system cannot find the path specified. (0x3)
[1013/153938.525:ERROR:filesystem_win.cc(129)] GetFileAttributes C:\Users\DELL\AppData\Local\Google\Chrome\User Data\Crashpad\attachments\60a74c8c-3e7a-41cf-b232-c6c6bb09b991: The system cannot find the path specified. (0x3)
[1013/153938.527:ERROR:filesystem_win.cc(129)] GetFileAttributes C:\Users\DELL\AppData\Local\Google\Chrome\User Data\Crashpad\attachments\7de6c9a4-323f-4a79-b348-57a2fbaf0346: The system cannot find the path specified. (0x3)
[1013/153938.529:ERROR:filesystem_win.cc(129)] GetFileAttributes C:\Users\DELL\AppData\Local\Google\Chrome\User Data\Crashpad\attachments\86a2e44c-90ae-4a72-b946-548ccbc27dd1: The system cannot find the path specified. (0x3)
[1013/153938.531:ERROR:filesystem_win.cc(129)] GetFileAttributes C:\Users\DELL\AppData\Local\Google\Chrome\User Data\Crashpad\attachments\8c88072a-63eb-4a35-ab01-7bc481bdf533: The system cannot find the path specified. (0x3)
[1013/153938.533:ERROR:filesystem_win.cc(129)] GetFileAttributes C:\Users\DELL\AppData\Local\Google\Chrome\User Data\Crashpad\attachments\a1881330-fff7-4ecf-8087-96e60515f655: The system cannot find the path specified. (0x3)
[1013/153938.534:ERROR:filesystem_win.cc(129)] GetFileAttributes C:\Users\DELL\AppData\Local\Google\Chrome\User Data\Crashpad\attachments\b7dc1958-1385-4f87-9643-f4546e92716a: The system cannot find the path specified. (0x3)
[1013/153938.535:ERROR:filesystem_win.cc(129)] GetFileAttributes C:\Users\DELL\AppData\Local\Google\Chrome\User Data\Crashpad\attachments\b88b3450-7e71-4b32-bcd5-dcf679b48d1a: The system cannot find the path specified. (0x3)
[1013/153938.537:ERROR:filesystem_win.cc(129)] GetFileAttributes C:\Users\DELL\AppData\Local\Google\Chrome\User Data\Crashpad\attachments\c5a17ff9-41f2-4a8a-9b27-246be6100601: The system cannot find the path specified. (0x3)
[1013/153938.538:ERROR:filesystem_win.cc(129)] GetFileAttributes C:\Users\DELL\AppData\Local\Google\Chrome\User Data\Crashpad\attachments\cd9a0e0e-7667-447d-9039-807dc31a6878: The system cannot find the path specified. (0x3)
[1013/153938.539:ERROR:filesystem_win.cc(129)] GetFileAttributes C:\Users\DELL\AppData\Local\Google\Chrome\User Data\Crashpad\attachments\d1bad6b9-1b6f-4a03-a5ac-352ba7f0fa5c: The system cannot find the path specified. (0x3)
[1013/153938.541:ERROR:filesystem_win.cc(129)] GetFileAttributes C:\Users\DELL\AppData\Local\Google\Chrome\User Data\Crashpad\attachments\e98d16f3-ffee-4125-a422-457b87acc91a: The system cannot find the path specified. (0x3)
[1013/153938.542:ERROR:filesystem_win.cc(129)] GetFileAttributes C:\Users\DELL\AppData\Local\Google\Chrome\User Data\Crashpad\attachments\f1457650-c423-4f98-b400-3b7494f50531: The system cannot find the path specified. (0x3)
[1013/153938.544:ERROR:filesystem_win.cc(129)] GetFileAttributes C:\Users\DELL\AppData\Local\Google\Chrome\User Data\Crashpad\attachments\fa2a5d0b-3f5e-4e85-a7e8-9fafb8aa6bf5: The system cannot find the path specified. (0x3)
[1013/153938.546:ERROR:directory_reader_win.cc(43)] FindFirstFile: The system cannot find the path specified. (0x3)
[1015/143140.290:ERROR:directory_reader_win.cc(43)] FindFirstFile: The system cannot find the path specified. (0x3)
[1015/170943.562:ERROR:process_info.cc(359)] UncheckedAllocate
[1015/173054.244:ERROR:process_info.cc(359)] UncheckedAllocate
[1015/173531.403:ERROR:process_info.cc(359)] UncheckedAllocate
[1016/092315.111:ERROR:directory_reader_win.cc(43)] FindFirstFile: The system cannot find the path specified. (0x3)
[1016/102827.986:ERROR:process_info.cc(359)] UncheckedAllocate
[1016/102829.616:ERROR:process_info.cc(359)] UncheckedAllocate
[1016/103052.416:ERROR:process_info.cc(359)] UncheckedAllocate
[1016/103053.003:ERROR:process_info.cc(359)] UncheckedAllocate
[1016/103308.687:ERROR:process_info.cc(359)] UncheckedAllocate
[1022/143645.050:ERROR:directory_reader_win.cc(43)] FindFirstFile: The system cannot find the path specified. (0x3)
[1022/160702.765:ERROR:process_info.cc(375)] NtQuerySystemInformation SystemExtendedHandleInformation: {Not Enough Quota} Not enough virtual memory or paging file quota is available to complete the specified operation. (0xc0000017)
[1022/161731.894:ERROR:process_info.cc(359)] UncheckedAllocate
[1022/161732.017:ERROR:process_info.cc(359)] UncheckedAllocate
[1022/162805.848:ERROR:directory_reader_win.cc(43)] FindFirstFile: The system cannot find the path specified. (0x3)
[1024/203807.622:ERROR:directory_reader_win.cc(43)] FindFirstFile: The system cannot find the path specified. (0x3)
